2016-03-28 23:45:45.650+0000 INFO  [o.n.k.i.f.CommunityFacadeFactory] No locking implementation specified, defaulting to 'community'
2016-03-28 23:45:45.763+0000 INFO  [o.n.k.AvailabilityGuard] Requirement makes database unavailable: Database available
2016-03-28 23:45:45.770+0000 INFO  [o.n.k.i.DiagnosticsManager] --- INITIALIZED diagnostics START ---
2016-03-28 23:45:45.770+0000 INFO  [o.n.k.i.DiagnosticsManager] Neo4j Kernel properties:
2016-03-28 23:45:45.771+0000 INFO  [o.n.k.i.DiagnosticsManager] org.neo4j.server.webserver.https.keystore.location=data/keystore
2016-03-28 23:45:45.771+0000 INFO  [o.n.k.i.DiagnosticsManager] org.neo4j.server.db.tuning.properties=conf/neo4j.properties
2016-03-28 23:45:45.771+0000 INFO  [o.n.k.i.DiagnosticsManager] org.neo4j.server.database.location=data/graph.db
2016-03-28 23:45:45.771+0000 INFO  [o.n.k.i.DiagnosticsManager] org.neo4j.server.webserver.port=7474
2016-03-28 23:45:45.771+0000 INFO  [o.n.k.i.DiagnosticsManager] org.neo4j.server.http.log.config=conf/neo4j-http-logging.xml
2016-03-28 23:45:45.771+0000 INFO  [o.n.k.i.DiagnosticsManager] dbms.querylog.filename=data/log/queries.log
2016-03-28 23:45:45.771+0000 INFO  [o.n.k.i.DiagnosticsManager] org.neo4j.server.webserver.https.enabled=true
2016-03-28 23:45:45.771+0000 INFO  [o.n.k.i.DiagnosticsManager] org.neo4j.server.http.log.enabled=false
2016-03-28 23:45:45.771+0000 INFO  [o.n.k.i.DiagnosticsManager] dbms.security.tls_certificate_file=conf/ssl/snakeoil.cert
2016-03-28 23:45:45.772+0000 INFO  [o.n.k.i.DiagnosticsManager] org.neo4j.server.webserver.https.port=7473
2016-03-28 23:45:45.772+0000 INFO  [o.n.k.i.DiagnosticsManager] org.neo4j.server.webadmin.rrdb.location=data/rrd
2016-03-28 23:45:45.772+0000 INFO  [o.n.k.i.DiagnosticsManager] remote_shell_enabled=true
2016-03-28 23:45:45.772+0000 INFO  [o.n.k.i.DiagnosticsManager] edition=Community
2016-03-28 23:45:45.772+0000 INFO  [o.n.k.i.DiagnosticsManager] dbms.security.tls_key_file=conf/ssl/snakeoil.key
2016-03-28 23:45:45.772+0000 INFO  [o.n.k.i.DiagnosticsManager] dbms.security.auth_enabled=false
2016-03-28 23:45:45.772+0000 INFO  [o.n.k.i.DiagnosticsManager] Diagnostics providers:
2016-03-28 23:45:45.772+0000 INFO  [o.n.k.i.DiagnosticsManager] org.neo4j.kernel.configuration.Config
2016-03-28 23:45:45.772+0000 INFO  [o.n.k.i.DiagnosticsManager] org.neo4j.kernel.info.DiagnosticsManager
2016-03-28 23:45:45.772+0000 INFO  [o.n.k.i.DiagnosticsManager] SYSTEM_MEMORY
2016-03-28 23:45:45.772+0000 INFO  [o.n.k.i.DiagnosticsManager] JAVA_MEMORY
2016-03-28 23:45:45.772+0000 INFO  [o.n.k.i.DiagnosticsManager] OPERATING_SYSTEM
2016-03-28 23:45:45.772+0000 INFO  [o.n.k.i.DiagnosticsManager] JAVA_VIRTUAL_MACHINE
2016-03-28 23:45:45.772+0000 INFO  [o.n.k.i.DiagnosticsManager] CLASSPATH
2016-03-28 23:45:45.772+0000 INFO  [o.n.k.i.DiagnosticsManager] LIBRARY_PATH
2016-03-28 23:45:45.772+0000 INFO  [o.n.k.i.DiagnosticsManager] SYSTEM_PROPERTIES
2016-03-28 23:45:45.772+0000 INFO  [o.n.k.i.DiagnosticsManager] NETWORK
2016-03-28 23:45:45.773+0000 INFO  [o.n.k.i.DiagnosticsManager] System memory information:
2016-03-28 23:45:45.774+0000 INFO  [o.n.k.i.DiagnosticsManager] Total Physical memory: 16.00 GB
2016-03-28 23:45:45.775+0000 INFO  [o.n.k.i.DiagnosticsManager] Free Physical memory: 380.86 MB
2016-03-28 23:45:45.776+0000 INFO  [o.n.k.i.DiagnosticsManager] Committed virtual memory: 6.91 GB
2016-03-28 23:45:45.777+0000 INFO  [o.n.k.i.DiagnosticsManager] Total swap space: 5.00 GB
2016-03-28 23:45:45.777+0000 INFO  [o.n.k.i.DiagnosticsManager] Free swap space: 595.75 MB
2016-03-28 23:45:45.777+0000 INFO  [o.n.k.i.DiagnosticsManager] JVM memory information:
2016-03-28 23:45:45.778+0000 INFO  [o.n.k.i.DiagnosticsManager] Free  memory: 180.86 MB
2016-03-28 23:45:45.778+0000 INFO  [o.n.k.i.DiagnosticsManager] Total memory: 256.00 MB
2016-03-28 23:45:45.778+0000 INFO  [o.n.k.i.DiagnosticsManager] Max   memory: 4.00 GB
2016-03-28 23:45:45.779+0000 INFO  [o.n.k.i.DiagnosticsManager] Garbage Collector: G1 Young Generation: [G1 Eden Space, G1 Survivor Space]
2016-03-28 23:45:45.779+0000 INFO  [o.n.k.i.DiagnosticsManager] Garbage Collector: G1 Old Generation: [G1 Eden Space, G1 Survivor Space, G1 Old Gen, G1 Perm Gen]
2016-03-28 23:45:45.781+0000 INFO  [o.n.k.i.DiagnosticsManager] Memory Pool: Code Cache (Non-heap memory): committed=2.44 MB, used=820.75 kB, max=48.00 MB, threshold=0.00 B
2016-03-28 23:45:45.781+0000 INFO  [o.n.k.i.DiagnosticsManager] Memory Pool: G1 Eden Space (Heap memory): committed=25.00 MB, used=2.00 MB, max=-1.00 B, threshold=?
2016-03-28 23:45:45.781+0000 INFO  [o.n.k.i.DiagnosticsManager] Memory Pool: G1 Survivor Space (Heap memory): committed=2.00 MB, used=2.00 MB, max=-1.00 B, threshold=?
2016-03-28 23:45:45.782+0000 INFO  [o.n.k.i.DiagnosticsManager] Memory Pool: G1 Old Gen (Heap memory): committed=229.00 MB, used=71.00 MB, max=4.00 GB, threshold=0.00 B
2016-03-28 23:45:45.782+0000 INFO  [o.n.k.i.DiagnosticsManager] Memory Pool: G1 Perm Gen (Non-heap memory): committed=20.00 MB, used=11.86 MB, max=82.00 MB, threshold=0.00 B
2016-03-28 23:45:45.782+0000 INFO  [o.n.k.i.DiagnosticsManager] Operating system information:
2016-03-28 23:45:45.783+0000 INFO  [o.n.k.i.DiagnosticsManager] Operating System: Mac OS X; version: 10.11.3; arch: x86_64; cpus: 8
2016-03-28 23:45:45.784+0000 INFO  [o.n.k.i.DiagnosticsManager] Max number of file descriptors: 10.00 kB
2016-03-28 23:45:45.784+0000 INFO  [o.n.k.i.DiagnosticsManager] Number of open file descriptors: 93.00 B
2016-03-28 23:45:45.790+0000 INFO  [o.n.k.i.DiagnosticsManager] Process id: 90502@Jianweis-MacBook-Pro.local
2016-03-28 23:45:45.790+0000 INFO  [o.n.k.i.DiagnosticsManager] Byte order: LITTLE_ENDIAN
2016-03-28 23:45:45.790+0000 INFO  [o.n.k.i.DiagnosticsManager] Local timezone: America/Los_Angeles
2016-03-28 23:45:45.790+0000 INFO  [o.n.k.i.DiagnosticsManager] JVM information:
2016-03-28 23:45:45.790+0000 INFO  [o.n.k.i.DiagnosticsManager] VM Name: Java HotSpot(TM) 64-Bit Server VM
2016-03-28 23:45:45.790+0000 INFO  [o.n.k.i.DiagnosticsManager] VM Vendor: Oracle Corporation
2016-03-28 23:45:45.790+0000 INFO  [o.n.k.i.DiagnosticsManager] VM Version: 24.79-b02
2016-03-28 23:45:45.791+0000 INFO  [o.n.k.i.DiagnosticsManager] JIT compiler: HotSpot 64-Bit Tiered Compilers
2016-03-28 23:45:45.791+0000 INFO  [o.n.k.i.DiagnosticsManager] VM Arguments: [-XX:+DisableExplicitGC, -Dorg.neo4j.server.properties=conf/neo4j-server.properties, -Dlog4j.configuration=file:conf/log4j.properties, -XX:+UseG1GC, -XX:-OmitStackTraceInFastThrow, -XX:hashCode=5, -Dneo4j.ext.udc.source=tarball, -Dneo4j.home=/Users/jianwei/Desktop/learnRails/boomerang/db/neo4j/development, -Dneo4j.instance=/Users/jianwei/Desktop/learnRails/boomerang/db/neo4j/development, -Dfile.encoding=UTF-8]
2016-03-28 23:45:45.791+0000 INFO  [o.n.k.i.DiagnosticsManager] Java classpath:
2016-03-28 23:45:45.793+0000 INFO  [o.n.k.i.DiagnosticsManager]  [classpath + loader.0] file:/Users/jianwei/Desktop/learnRails/boomerang/db/neo4j/development/system/lib/jersey-servlet-1.19.jar
2016-03-28 23:45:45.793+0000 INFO  [o.n.k.i.DiagnosticsManager]  [classpath + loader.0] file:/Users/jianwei/Desktop/learnRails/boomerang/db/neo4j/development/lib/neo4j-consistency-check-2.3.2.jar
2016-03-28 23:45:45.793+0000 INFO  [o.n.k.i.DiagnosticsManager]  [loader.1] file:/System/Library/Java/Extensions/vecmath.jar
2016-03-28 23:45:45.793+0000 INFO  [o.n.k.i.DiagnosticsManager]  [classpath + loader.0] file:/Users/jianwei/Desktop/learnRails/boomerang/db/neo4j/development/lib/neo4j-cypher-compiler-2.2_2.11-2.2.6.jar
2016-03-28 23:45:45.793+0000 INFO  [o.n.k.i.DiagnosticsManager]  [classpath + loader.0] file:/Users/jianwei/Desktop/learnRails/boomerang/db/neo4j/development/system/lib/neo4j-server-2.3.2.jar
2016-03-28 23:45:45.793+0000 INFO  [o.n.k.i.DiagnosticsManager]  [classpath + loader.0] file:/Users/jianwei/Desktop/learnRails/boomerang/db/neo4j/development/lib/opencsv-2.3.jar
2016-03-28 23:45:45.793+0000 INFO  [o.n.k.i.DiagnosticsManager]  [classpath + loader.0] file:/Users/jianwei/Desktop/learnRails/boomerang/db/neo4j/development/system/lib/jetty-io-9.2.4.v20141103.jar
2016-03-28 23:45:45.793+0000 INFO  [o.n.k.i.DiagnosticsManager]  [classpath + loader.0] file:/Users/jianwei/Desktop/learnRails/boomerang/db/neo4j/development/system/lib/logback-access-1.1.2.jar
2016-03-28 23:45:45.793+0000 INFO  [o.n.k.i.DiagnosticsManager]  [bootstrap] /Library/Java/JavaVirtualMachines/jdk1.7.0_79.jdk/Contents/Home/jre/lib/jce.jar
2016-03-28 23:45:45.793+0000 INFO  [o.n.k.i.DiagnosticsManager]  [classpath + loader.0] file:/Users/jianwei/Desktop/learnRails/boomerang/db/neo4j/development/lib/jline-2.12.jar
2016-03-28 23:45:45.793+0000 INFO  [o.n.k.i.DiagnosticsManager]  [classpath + loader.0] file:/Users/jianwei/Desktop/learnRails/boomerang/db/neo4j/development/system/lib/jetty-webapp-9.2.4.v20141103.jar
2016-03-28 23:45:45.793+0000 INFO  [o.n.k.i.DiagnosticsManager]  [classpath + loader.0] file:/Users/jianwei/Desktop/learnRails/boomerang/db/neo4j/development/lib/neo4j-unsafe-2.3.2.jar
2016-03-28 23:45:45.793+0000 INFO  [o.n.k.i.DiagnosticsManager]  [classpath + loader.0] file:/Users/jianwei/Desktop/learnRails/boomerang/db/neo4j/development/system/lib/jetty-servlet-9.2.4.v20141103.jar
2016-03-28 23:45:45.793+0000 INFO  [o.n.k.i.DiagnosticsManager]  [classpath + loader.0] file:/Users/jianwei/Desktop/learnRails/boomerang/db/neo4j/development/lib/neo4j-csv-2.3.2.jar
2016-03-28 23:45:45.793+0000 INFO  [o.n.k.i.DiagnosticsManager]  [classpath + loader.0] file:/Users/jianwei/Desktop/learnRails/boomerang/db/neo4j/development/lib/neo4j-cypher-compiler-2.3-2.3.2.jar
2016-03-28 23:45:45.793+0000 INFO  [o.n.k.i.DiagnosticsManager]  [classpath + loader.0] file:/Users/jianwei/Desktop/learnRails/boomerang/db/neo4j/development/system/lib/commons-logging-1.1.1.jar
2016-03-28 23:45:45.793+0000 INFO  [o.n.k.i.DiagnosticsManager]  [classpath + loader.0] file:/Users/jianwei/Desktop/learnRails/boomerang/db/neo4j/development/lib/neo4j-jmx-2.3.2.jar
2016-03-28 23:45:45.793+0000 INFO  [o.n.k.i.DiagnosticsManager]  [loader.1] file:/Library/Java/JavaVirtualMachines/jdk1.7.0_79.jdk/Contents/Home/jre/lib/ext/zipfs.jar
2016-03-28 23:45:45.793+0000 INFO  [o.n.k.i.DiagnosticsManager]  [loader.1] file:/System/Library/Java/Extensions/libJ3D.jnilib
2016-03-28 23:45:45.793+0000 INFO  [o.n.k.i.DiagnosticsManager]  [classpath + loader.0] file:/Users/jianwei/Desktop/learnRails/boomerang/db/neo4j/development/system/lib/jetty-server-9.2.4.v20141103.jar
2016-03-28 23:45:45.793+0000 INFO  [o.n.k.i.DiagnosticsManager]  [classpath + loader.0] file:/Users/jianwei/Desktop/learnRails/boomerang/db/neo4j/development/system/lib/jsr311-api-1.1.2.r612.jar
2016-03-28 23:45:45.793+0000 INFO  [o.n.k.i.DiagnosticsManager]  [classpath + loader.0] file:/Users/jianwei/Desktop/learnRails/boomerang/db/neo4j/development/lib/neo4j-graph-matching-2.3.2.jar
2016-03-28 23:45:45.793+0000 INFO  [o.n.k.i.DiagnosticsManager]  [bootstrap] /Library/Java/JavaVirtualMachines/jdk1.7.0_79.jdk/Contents/Home/jre/classes
2016-03-28 23:45:45.794+0000 INFO  [o.n.k.i.DiagnosticsManager]  [classpath + loader.0] file:/Users/jianwei/Desktop/learnRails/boomerang/db/neo4j/development/lib/neo4j-shell-2.3.2.jar
2016-03-28 23:45:45.794+0000 INFO  [o.n.k.i.DiagnosticsManager]  [classpath + loader.0] file:/Users/jianwei/Desktop/learnRails/boomerang/db/neo4j/development/lib/neo4j-codegen-2.3.2.jar
2016-03-28 23:45:45.794+0000 INFO  [o.n.k.i.DiagnosticsManager]  [loader.1] file:/Library/Java/JavaVirtualMachines/jdk1.7.0_79.jdk/Contents/Home/jre/lib/ext/sunec.jar
2016-03-28 23:45:45.794+0000 INFO  [o.n.k.i.DiagnosticsManager]  [loader.1] file:/System/Library/Java/Extensions/j3daudio.jar
2016-03-28 23:45:45.794+0000 INFO  [o.n.k.i.DiagnosticsManager]  [classpath + loader.0] file:/Users/jianwei/Desktop/learnRails/boomerang/db/neo4j/development/lib/neo4j-cypher-2.3.2.jar
2016-03-28 23:45:45.794+0000 INFO  [o.n.k.i.DiagnosticsManager]  [classpath + loader.0] file:/Users/jianwei/Desktop/learnRails/boomerang/db/neo4j/development/lib/parboiled-scala_2.11-1.1.7.jar
2016-03-28 23:45:45.794+0000 INFO  [o.n.k.i.DiagnosticsManager]  [classpath + loader.0] file:/Users/jianwei/Desktop/learnRails/boomerang/db/neo4j/development/system/lib/jackson-jaxrs-1.9.13.jar
2016-03-28 23:45:45.794+0000 INFO  [o.n.k.i.DiagnosticsManager]  [loader.1] file:/System/Library/Java/Extensions/j3dcore.jar
2016-03-28 23:45:45.794+0000 INFO  [o.n.k.i.DiagnosticsManager]  [loader.1] file:/usr/lib/java/libjdns_sd.jnilib
2016-03-28 23:45:45.794+0000 INFO  [o.n.k.i.DiagnosticsManager]  [loader.1] file:/Library/Java/JavaVirtualMachines/jdk1.7.0_79.jdk/Contents/Home/jre/lib/ext/dnsns.jar
2016-03-28 23:45:45.794+0000 INFO  [o.n.k.i.DiagnosticsManager]  [classpath + loader.0] file:/Users/jianwei/Desktop/learnRails/boomerang/db/neo4j/development/system/lib/jetty-http-9.2.4.v20141103.jar
2016-03-28 23:45:45.794+0000 INFO  [o.n.k.i.DiagnosticsManager]  [bootstrap] /Library/Java/JavaVirtualMachines/jdk1.7.0_79.jdk/Contents/Home/jre/lib/jsse.jar
2016-03-28 23:45:45.794+0000 INFO  [o.n.k.i.DiagnosticsManager]  [classpath + loader.0] file:/Users/jianwei/Desktop/learnRails/boomerang/db/neo4j/development/lib/neo4j-graph-algo-2.3.2.jar
2016-03-28 23:45:45.794+0000 INFO  [o.n.k.i.DiagnosticsManager]  [bootstrap] /Library/Java/JavaVirtualMachines/jdk1.7.0_79.jdk/Contents/Home/jre/lib/resources.jar
2016-03-28 23:45:45.794+0000 INFO  [o.n.k.i.DiagnosticsManager]  [loader.1] file:/System/Library/Java/Extensions/jai_core.jar
2016-03-28 23:45:45.794+0000 INFO  [o.n.k.i.DiagnosticsManager]  [classpath + loader.0] file:/Users/jianwei/Desktop/learnRails/boomerang/db/neo4j/development/lib/scala-library-2.11.7.jar
2016-03-28 23:45:45.794+0000 INFO  [o.n.k.i.DiagnosticsManager]  [classpath + loader.0] file:/Users/jianwei/Desktop/learnRails/boomerang/db/neo4j/development/lib/neo4j-import-tool-2.3.2.jar
2016-03-28 23:45:45.794+0000 INFO  [o.n.k.i.DiagnosticsManager]  [classpath + loader.0] file:/Users/jianwei/Desktop/learnRails/boomerang/db/neo4j/development/system/lib/commons-io-2.4.jar
2016-03-28 23:45:45.794+0000 INFO  [o.n.k.i.DiagnosticsManager]  [classpath + loader.0] file:/Users/jianwei/Desktop/learnRails/boomerang/db/neo4j/development/system/lib/jetty-xml-9.2.4.v20141103.jar
2016-03-28 23:45:45.794+0000 INFO  [o.n.k.i.DiagnosticsManager]  [classpath + loader.0] file:/Users/jianwei/Desktop/learnRails/boomerang/db/neo4j/development/system/lib/neo4j-server-2.3.2-static-web.jar
2016-03-28 23:45:45.794+0000 INFO  [o.n.k.i.DiagnosticsManager]  [classpath + loader.0] file:/Users/jianwei/Desktop/learnRails/boomerang/db/neo4j/development/system/lib/netty-all-4.0.28.Final.jar
2016-03-28 23:45:45.794+0000 INFO  [o.n.k.i.DiagnosticsManager]  [bootstrap] /Library/Java/JavaVirtualMachines/jdk1.7.0_79.jdk/Contents/Home/jre/lib/sunrsasign.jar
2016-03-28 23:45:45.795+0000 INFO  [o.n.k.i.DiagnosticsManager]  [classpath + loader.0] file:/Users/jianwei/Desktop/learnRails/boomerang/db/neo4j/development/lib/neo4j-cypher-frontend-2.3-2.3.2.jar
2016-03-28 23:45:45.795+0000 INFO  [o.n.k.i.DiagnosticsManager]  [classpath + loader.0] file:/Users/jianwei/Desktop/learnRails/boomerang/db/neo4j/development/system/lib/slf4j-api-1.7.6.jar
2016-03-28 23:45:45.795+0000 INFO  [o.n.k.i.DiagnosticsManager]  [loader.1] file:/System/Library/Java/Extensions/AppleScriptEngine.jar
2016-03-28 23:45:45.795+0000 INFO  [o.n.k.i.DiagnosticsManager]  [classpath + loader.0] file:/Users/jianwei/Desktop/learnRails/boomerang/db/neo4j/development/lib/concurrentlinkedhashmap-lru-1.4.2.jar
2016-03-28 23:45:45.795+0000 INFO  [o.n.k.i.DiagnosticsManager]  [classpath + loader.0] file:/Users/jianwei/Desktop/learnRails/boomerang/db/neo4j/development/system/lib/jersey-server-1.19.jar
2016-03-28 23:45:45.795+0000 INFO  [o.n.k.i.DiagnosticsManager]  [classpath + loader.0] file:/Users/jianwei/Desktop/learnRails/boomerang/db/neo4j/development/lib/neo4j-cypher-compiler-1.9_2.11-2.0.5.jar
2016-03-28 23:45:45.795+0000 INFO  [o.n.k.i.DiagnosticsManager]  [loader.1] file:/Library/Java/JavaVirtualMachines/jdk1.7.0_79.jdk/Contents/Home/jre/lib/ext/localedata.jar
2016-03-28 23:45:45.795+0000 INFO  [o.n.k.i.DiagnosticsManager]  [classpath + loader.0] file:/Users/jianwei/Desktop/learnRails/boomerang/db/neo4j/development/system/lib/jersey-core-1.19.jar
2016-03-28 23:45:45.795+0000 INFO  [o.n.k.i.DiagnosticsManager]  [classpath + loader.0] file:/Users/jianwei/Desktop/learnRails/boomerang/db/neo4j/development/system/lib/logback-core-1.1.2.jar
2016-03-28 23:45:45.795+0000 INFO  [o.n.k.i.DiagnosticsManager]  [loader.1] file:/System/Library/Java/Extensions/dns_sd.jar
2016-03-28 23:45:45.795+0000 INFO  [o.n.k.i.DiagnosticsManager]  [classpath + loader.0] file:/Users/jianwei/Desktop/learnRails/boomerang/db/neo4j/development/system/lib/jackson-mapper-asl-1.9.13.jar
2016-03-28 23:45:45.795+0000 INFO  [o.n.k.i.DiagnosticsManager]  [loader.1] file:/System/Library/Java/Extensions/MRJToolkit.jar
2016-03-28 23:45:45.795+0000 INFO  [o.n.k.i.DiagnosticsManager]  [loader.1] file:/System/Library/Java/Extensions/libmlib_jai.jnilib
2016-03-28 23:45:45.795+0000 INFO  [o.n.k.i.DiagnosticsManager]  [classpath + loader.0] file:/Users/jianwei/Desktop/learnRails/boomerang/db/neo4j/development/lib/neo4j-lucene-index-2.3.2.jar
2016-03-28 23:45:45.795+0000 INFO  [o.n.k.i.DiagnosticsManager]  [loader.1] file:/System/Library/Java/Extensions/mlibwrapper_jai.jar
2016-03-28 23:45:45.795+0000 INFO  [o.n.k.i.DiagnosticsManager]  [classpath + loader.0] file:/Users/jianwei/Desktop/learnRails/boomerang/db/neo4j/development/system/lib/neo4j-browser-2.3.2.jar
2016-03-28 23:45:45.795+0000 INFO  [o.n.k.i.DiagnosticsManager]  [classpath + loader.0] file:/Users/jianwei/Desktop/learnRails/boomerang/db/neo4j/development/system/lib/commons-lang-2.6.jar
2016-03-28 23:45:45.795+0000 INFO  [o.n.k.i.DiagnosticsManager]  [classpath + loader.0] file:/Users/jianwei/Desktop/learnRails/boomerang/db/neo4j/development/system/lib/jetty-security-9.2.4.v20141103.jar
2016-03-28 23:45:45.795+0000 INFO  [o.n.k.i.DiagnosticsManager]  [classpath + loader.0] file:/Users/jianwei/Desktop/learnRails/boomerang/db/neo4j/development/lib/neo4j-logging-2.3.2.jar
2016-03-28 23:45:45.795+0000 INFO  [o.n.k.i.DiagnosticsManager]  [classpath + loader.0] file:/Users/jianwei/Desktop/learnRails/boomerang/db/neo4j/development/system/lib/asm-5.0.2.jar
2016-03-28 23:45:45.796+0000 INFO  [o.n.k.i.DiagnosticsManager]  [classpath + loader.0] file:/Users/jianwei/Desktop/learnRails/boomerang/db/neo4j/development/system/lib/jersey-multipart-1.19.jar
2016-03-28 23:45:45.796+0000 INFO  [o.n.k.i.DiagnosticsManager]  [classpath + loader.0] file:/Users/jianwei/Desktop/learnRails/boomerang/db/neo4j/development/system/lib/javax.servlet-api-3.1.0.jar
2016-03-28 23:45:45.796+0000 INFO  [o.n.k.i.DiagnosticsManager]  [loader.1] file:/System/Library/Java/Extensions/libAppleScriptEngine.jnilib
2016-03-28 23:45:45.796+0000 INFO  [o.n.k.i.DiagnosticsManager]  [loader.1] file:/System/Library/Java/Extensions/libJ3DAudio.jnilib
2016-03-28 23:45:45.796+0000 INFO  [o.n.k.i.DiagnosticsManager]  [classpath + loader.0] file:/Users/jianwei/Desktop/learnRails/boomerang/db/neo4j/development/system/lib/bcprov-jdk15on-1.52.jar
2016-03-28 23:45:45.796+0000 INFO  [o.n.k.i.DiagnosticsManager]  [loader.1] file:/System/Library/Java/Extensions/libJ3DUtils.jnilib
2016-03-28 23:45:45.796+0000 INFO  [o.n.k.i.DiagnosticsManager]  [classpath + loader.0] file:/Users/jianwei/Desktop/learnRails/boomerang/db/neo4j/development/system/lib/commons-digester-2.1.jar
2016-03-28 23:45:45.796+0000 INFO  [o.n.k.i.DiagnosticsManager]  [classpath + loader.0] file:/Users/jianwei/Desktop/learnRails/boomerang/db/neo4j/development/lib/scala-reflect-2.11.7.jar
2016-03-28 23:45:45.796+0000 INFO  [o.n.k.i.DiagnosticsManager]  [classpath + loader.0] file:/Users/jianwei/Desktop/learnRails/boomerang/db/neo4j/development/conf/
2016-03-28 23:45:45.796+0000 INFO  [o.n.k.i.DiagnosticsManager]  [classpath + loader.0] file:/Users/jianwei/Desktop/learnRails/boomerang/db/neo4j/development/lib/neo4j-udc-2.3.2.jar
2016-03-28 23:45:45.796+0000 INFO  [o.n.k.i.DiagnosticsManager]  [loader.1] file:/Library/Java/JavaVirtualMachines/jdk1.7.0_79.jdk/Contents/Home/jre/lib/ext/sunjce_provider.jar
2016-03-28 23:45:45.796+0000 INFO  [o.n.k.i.DiagnosticsManager]  [loader.1] file:/System/Library/Java/Extensions/j3dutils.jar
2016-03-28 23:45:45.796+0000 INFO  [o.n.k.i.DiagnosticsManager]  [classpath + loader.0] file:/Users/jianwei/Desktop/learnRails/boomerang/db/neo4j/development/system/lib/mimepull-1.9.3.jar
2016-03-28 23:45:45.796+0000 INFO  [o.n.k.i.DiagnosticsManager]  [classpath + loader.0] file:/Users/jianwei/Desktop/learnRails/boomerang/db/neo4j/development/lib/neo4j-function-2.3.2.jar
2016-03-28 23:45:45.796+0000 INFO  [o.n.k.i.DiagnosticsManager]  [classpath + loader.0] file:/Users/jianwei/Desktop/learnRails/boomerang/db/neo4j/development/system/lib/bcpkix-jdk15on-1.52.jar
2016-03-28 23:45:45.796+0000 INFO  [o.n.k.i.DiagnosticsManager]  [classpath + loader.0] file:/Users/jianwei/Desktop/learnRails/boomerang/db/neo4j/development/lib/server-api-2.3.2.jar
2016-03-28 23:45:45.796+0000 INFO  [o.n.k.i.DiagnosticsManager]  [loader.1] file:/System/Library/Java/Extensions/jai_codec.jar
2016-03-28 23:45:45.796+0000 INFO  [o.n.k.i.DiagnosticsManager]  [classpath + loader.0] file:/Users/jianwei/Desktop/learnRails/boomerang/db/neo4j/development/lib/neo4j-consistency-check-legacy-2.3.2.jar
2016-03-28 23:45:45.796+0000 INFO  [o.n.k.i.DiagnosticsManager]  [classpath + loader.0] file:/Users/jianwei/Desktop/learnRails/boomerang/db/neo4j/development/lib/neo4j-kernel-2.3.2.jar
2016-03-28 23:45:45.796+0000 INFO  [o.n.k.i.DiagnosticsManager]  [classpath + loader.0] file:/Users/jianwei/Desktop/learnRails/boomerang/db/neo4j/development/system/lib/commons-beanutils-1.8.3.jar
2016-03-28 23:45:45.796+0000 INFO  [o.n.k.i.DiagnosticsManager]  [classpath + loader.0] file:/Users/jianwei/Desktop/learnRails/boomerang/db/neo4j/development/lib/scala-parser-combinators_2.11-1.0.4.jar
2016-03-28 23:45:45.797+0000 INFO  [o.n.k.i.DiagnosticsManager]  [classpath + loader.0] file:/Users/jianwei/Desktop/learnRails/boomerang/db/neo4j/development/system/lib/rrd4j-2.2.jar
2016-03-28 23:45:45.797+0000 INFO  [o.n.k.i.DiagnosticsManager]  [bootstrap] /Library/Java/JavaVirtualMachines/jdk1.7.0_79.jdk/Contents/Home/jre/lib/charsets.jar
2016-03-28 23:45:45.797+0000 INFO  [o.n.k.i.DiagnosticsManager]  [classpath + loader.0] file:/Users/jianwei/Desktop/learnRails/boomerang/db/neo4j/development/system/lib/jetty-util-9.2.4.v20141103.jar
2016-03-28 23:45:45.797+0000 INFO  [o.n.k.i.DiagnosticsManager]  [classpath + loader.0] file:/Users/jianwei/Desktop/learnRails/boomerang/db/neo4j/development/lib/parboiled-core-1.1.7.jar
2016-03-28 23:45:45.797+0000 INFO  [o.n.k.i.DiagnosticsManager]  [classpath + loader.0] file:/Users/jianwei/Desktop/learnRails/boomerang/db/neo4j/development/lib/neo4j-io-2.3.2.jar
2016-03-28 23:45:45.797+0000 INFO  [o.n.k.i.DiagnosticsManager]  [classpath + loader.0] file:/Users/jianwei/Desktop/learnRails/boomerang/db/neo4j/development/system/lib/jackson-core-asl-1.9.13.jar
2016-03-28 23:45:45.797+0000 INFO  [o.n.k.i.DiagnosticsManager]  [bootstrap] /Library/Java/JavaVirtualMachines/jdk1.7.0_79.jdk/Contents/Home/jre/lib/jfr.jar
2016-03-28 23:45:45.797+0000 INFO  [o.n.k.i.DiagnosticsManager]  [classpath + loader.0] file:/Users/jianwei/Desktop/learnRails/boomerang/db/neo4j/development/lib/commons-lang3-3.3.2.jar
2016-03-28 23:45:45.797+0000 INFO  [o.n.k.i.DiagnosticsManager]  [loader.1] file:/Library/Java/JavaVirtualMachines/jdk1.7.0_79.jdk/Contents/Home/jre/lib/ext/sunpkcs11.jar
2016-03-28 23:45:45.797+0000 INFO  [o.n.k.i.DiagnosticsManager]  [classpath + loader.0] file:/Users/jianwei/Desktop/learnRails/boomerang/db/neo4j/development/system/lib/logback-classic-1.1.2.jar
2016-03-28 23:45:45.797+0000 INFO  [o.n.k.i.DiagnosticsManager]  [bootstrap] /Library/Java/JavaVirtualMachines/jdk1.7.0_79.jdk/Contents/Home/jre/lib/rt.jar
2016-03-28 23:45:45.797+0000 INFO  [o.n.k.i.DiagnosticsManager]  [classpath + loader.0] file:/Users/jianwei/Desktop/learnRails/boomerang/db/neo4j/development/system/lib/rhino-1.7R4.jar
2016-03-28 23:45:45.797+0000 INFO  [o.n.k.i.DiagnosticsManager]  [classpath + loader.0] file:/Users/jianwei/Desktop/learnRails/boomerang/db/neo4j/development/lib/lucene-core-3.6.2.jar
2016-03-28 23:45:45.797+0000 INFO  [o.n.k.i.DiagnosticsManager]  [classpath + loader.0] file:/Users/jianwei/Desktop/learnRails/boomerang/db/neo4j/development/lib/neo4j-primitive-collections-2.3.2.jar
2016-03-28 23:45:45.797+0000 INFO  [o.n.k.i.DiagnosticsManager]  [classpath + loader.0] file:/Users/jianwei/Desktop/learnRails/boomerang/db/neo4j/development/system/lib/commons-configuration-1.10.jar
2016-03-28 23:45:45.797+0000 INFO  [o.n.k.i.DiagnosticsManager] Library path:
2016-03-28 23:45:45.798+0000 INFO  [o.n.k.i.DiagnosticsManager] /Users/jianwei/Library/Java/Extensions
2016-03-28 23:45:45.798+0000 INFO  [o.n.k.i.DiagnosticsManager] /Library/Java/Extensions
2016-03-28 23:45:45.798+0000 INFO  [o.n.k.i.DiagnosticsManager] /Network/Library/Java/Extensions
2016-03-28 23:45:45.798+0000 INFO  [o.n.k.i.DiagnosticsManager] /System/Library/Java/Extensions
2016-03-28 23:45:45.798+0000 INFO  [o.n.k.i.DiagnosticsManager] /usr/lib/java
2016-03-28 23:45:45.798+0000 INFO  [o.n.k.i.DiagnosticsManager] /Users/jianwei/Desktop/learnRails/boomerang/db/neo4j/development
2016-03-28 23:45:45.798+0000 INFO  [o.n.k.i.DiagnosticsManager] System.properties:
2016-03-28 23:45:45.798+0000 INFO  [o.n.k.i.DiagnosticsManager] sun.boot.library.path = /Library/Java/JavaVirtualMachines/jdk1.7.0_79.jdk/Contents/Home/jre/lib
2016-03-28 23:45:45.798+0000 INFO  [o.n.k.i.DiagnosticsManager] org.neo4j.server.properties = conf/neo4j-server.properties
2016-03-28 23:45:45.798+0000 INFO  [o.n.k.i.DiagnosticsManager] gopherProxySet = false
2016-03-28 23:45:45.798+0000 INFO  [o.n.k.i.DiagnosticsManager] path.separator = :
2016-03-28 23:45:45.798+0000 INFO  [o.n.k.i.DiagnosticsManager] file.encoding.pkg = sun.io
2016-03-28 23:45:45.799+0000 INFO  [o.n.k.i.DiagnosticsManager] user.country = US
2016-03-28 23:45:45.799+0000 INFO  [o.n.k.i.DiagnosticsManager] sun.java.launcher = SUN_STANDARD
2016-03-28 23:45:45.799+0000 INFO  [o.n.k.i.DiagnosticsManager] sun.os.patch.level = unknown
2016-03-28 23:45:45.799+0000 INFO  [o.n.k.i.DiagnosticsManager] user.dir = /Users/jianwei/Desktop/learnRails/boomerang/db/neo4j/development
2016-03-28 23:45:45.799+0000 INFO  [o.n.k.i.DiagnosticsManager] neo4j.ext.udc.source = tarball
2016-03-28 23:45:45.799+0000 INFO  [o.n.k.i.DiagnosticsManager] log4j.configuration = file:conf/log4j.properties
2016-03-28 23:45:45.799+0000 INFO  [o.n.k.i.DiagnosticsManager] sun.jnu.encoding = UTF-8
2016-03-28 23:45:45.799+0000 INFO  [o.n.k.i.DiagnosticsManager] sun.management.compiler = HotSpot 64-Bit Tiered Compilers
2016-03-28 23:45:45.799+0000 INFO  [o.n.k.i.DiagnosticsManager] http.nonProxyHosts = local|*.local|169.254/16|*.169.254/16
2016-03-28 23:45:45.799+0000 INFO  [o.n.k.i.DiagnosticsManager] user.home = /Users/jianwei
2016-03-28 23:45:45.799+0000 INFO  [o.n.k.i.DiagnosticsManager] user.timezone = America/Los_Angeles
2016-03-28 23:45:45.799+0000 INFO  [o.n.k.i.DiagnosticsManager] file.encoding = UTF-8
2016-03-28 23:45:45.799+0000 INFO  [o.n.k.i.DiagnosticsManager] user.name = jianwei
2016-03-28 23:45:45.799+0000 INFO  [o.n.k.i.DiagnosticsManager] sun.java.command = org.neo4j.server.CommunityBootstrapper
2016-03-28 23:45:45.799+0000 INFO  [o.n.k.i.DiagnosticsManager] sun.arch.data.model = 64
2016-03-28 23:45:45.799+0000 INFO  [o.n.k.i.DiagnosticsManager] user.language = en
2016-03-28 23:45:45.799+0000 INFO  [o.n.k.i.DiagnosticsManager] awt.toolkit = sun.lwawt.macosx.LWCToolkit
2016-03-28 23:45:45.799+0000 INFO  [o.n.k.i.DiagnosticsManager] file.separator = /
2016-03-28 23:45:45.799+0000 INFO  [o.n.k.i.DiagnosticsManager] sun.io.unicode.encoding = UnicodeBig
2016-03-28 23:45:45.799+0000 INFO  [o.n.k.i.DiagnosticsManager] sun.cpu.endian = little
2016-03-28 23:45:45.800+0000 INFO  [o.n.k.i.DiagnosticsManager] socksNonProxyHosts = local|*.local|169.254/16|*.169.254/16
2016-03-28 23:45:45.800+0000 INFO  [o.n.k.i.DiagnosticsManager] neo4j.instance = /Users/jianwei/Desktop/learnRails/boomerang/db/neo4j/development
2016-03-28 23:45:45.800+0000 INFO  [o.n.k.i.DiagnosticsManager] ftp.nonProxyHosts = local|*.local|169.254/16|*.169.254/16
2016-03-28 23:45:45.800+0000 INFO  [o.n.k.i.DiagnosticsManager] neo4j.home = /Users/jianwei/Desktop/learnRails/boomerang/db/neo4j/development
2016-03-28 23:45:45.800+0000 INFO  [o.n.k.i.DiagnosticsManager] sun.cpu.isalist = 
2016-03-28 23:45:45.800+0000 INFO  [o.n.k.i.DiagnosticsManager] Network information:
2016-03-28 23:45:45.803+0000 INFO  [o.n.k.i.DiagnosticsManager] Interface utun1:
2016-03-28 23:45:45.804+0000 INFO  [o.n.k.i.DiagnosticsManager]     address: fe80:0:0:0:f040:9d5c:7a9b:a481%17
2016-03-28 23:45:45.804+0000 INFO  [o.n.k.i.DiagnosticsManager] Interface utun0:
2016-03-28 23:45:45.804+0000 INFO  [o.n.k.i.DiagnosticsManager]     address: fe80:0:0:0:9d86:a91a:e30e:1d39%14
2016-03-28 23:45:45.804+0000 INFO  [o.n.k.i.DiagnosticsManager] Interface awdl0:
2016-03-28 23:45:45.804+0000 INFO  [o.n.k.i.DiagnosticsManager]     address: fe80:0:0:0:887:26ff:fe41:6259%12
2016-03-28 23:45:45.804+0000 INFO  [o.n.k.i.DiagnosticsManager] Interface en4:
2016-03-28 23:45:45.804+0000 INFO  [o.n.k.i.DiagnosticsManager]     address: 2620:149:4:1202:f59b:613e:2cb9:20bf
2016-03-28 23:45:45.804+0000 INFO  [o.n.k.i.DiagnosticsManager]     address: 2620:149:4:1202:6a5b:35ff:fe9a:e114
2016-03-28 23:45:45.804+0000 INFO  [o.n.k.i.DiagnosticsManager]     address: fe80:0:0:0:6a5b:35ff:fe9a:e114%4
2016-03-28 23:45:45.804+0000 INFO  [o.n.k.i.DiagnosticsManager]     address: 17.216.23.22
2016-03-28 23:45:45.804+0000 INFO  [o.n.k.i.DiagnosticsManager] Interface en0:
2016-03-28 23:45:45.804+0000 INFO  [o.n.k.i.DiagnosticsManager]     address: fe80:0:0:0:a65e:60ff:fee8:e073%8
2016-03-28 23:45:45.804+0000 INFO  [o.n.k.i.DiagnosticsManager]     address: 17.114.123.185
2016-03-28 23:45:45.804+0000 INFO  [o.n.k.i.DiagnosticsManager] Interface lo0:
2016-03-28 23:45:45.805+0000 INFO  [o.n.k.i.DiagnosticsManager]     address: fe80:0:0:0:0:0:0:1%1
2016-03-28 23:45:45.805+0000 INFO  [o.n.k.i.DiagnosticsManager]     address: 0:0:0:0:0:0:0:1
2016-03-28 23:45:45.805+0000 INFO  [o.n.k.i.DiagnosticsManager]     address: 127.0.0.1
2016-03-28 23:45:45.805+0000 INFO  [o.n.k.i.DiagnosticsManager] --- INITIALIZED diagnostics END ---
2016-03-28 23:45:46.105+0000 INFO  [o.n.k.a.i.i.LuceneLabelScanStore] No lucene scan store index found, this might just be first use. Preparing to rebuild.
2016-03-28 23:45:46.156+0000 INFO  [o.n.k.NeoStoreDataSource] Opened logical log [/Users/jianwei/Desktop/learnRails/boomerang/db/neo4j/development/data/graph.db/neostore.transaction.db.0] version=0, lastTxId=1 (clean)
2016-03-28 23:45:46.162+0000 WARN  [o.n.k.i.s.MetaDataStore] Missing counts store, rebuilding it.
2016-03-28 23:45:46.261+0000 INFO  [o.n.k.a.i.i.LuceneLabelScanStore] Rebuilding lucene scan store, this may take a while
2016-03-28 23:45:46.262+0000 INFO  [o.n.k.a.i.i.LuceneLabelScanStore] Lucene scan store rebuilt (roughly -1 nodes)
2016-03-28 23:45:46.266+0000 INFO  [o.n.k.KernelHealth] Kernel health set to OK
2016-03-28 23:45:46.494+0000 INFO  [o.n.k.AvailabilityGuard] Fulfilling of requirement makes database available: Database available
2016-03-28 23:45:46.495+0000 INFO  [o.n.k.i.f.CommunityFacadeFactory] Database is now ready
2016-03-28 23:45:46.495+0000 INFO  [o.n.k.i.DiagnosticsManager] --- STARTED diagnostics for KernelDiagnostics:Versions START ---
2016-03-28 23:45:46.495+0000 INFO  [o.n.k.i.DiagnosticsManager] Graph Database: Community StoreId{creationTime=1459208746000, randomId=6191006280318933697, storeVersion=15250506225055238, upgradeTime=1459208746000, upgradeId=1}
2016-03-28 23:45:46.496+0000 INFO  [o.n.k.i.DiagnosticsManager] Kernel version: 2.3.2,30a48a0
2016-03-28 23:45:46.496+0000 INFO  [o.n.k.i.DiagnosticsManager] --- STARTED diagnostics for KernelDiagnostics:Versions END ---
2016-03-28 23:45:46.497+0000 INFO  [o.n.k.i.DiagnosticsManager] --- STARTED diagnostics for NEO_STORE_VERSIONS START ---
2016-03-28 23:45:46.497+0000 INFO  [o.n.k.i.DiagnosticsManager] Store versions:
2016-03-28 23:45:46.497+0000 INFO  [o.n.k.i.DiagnosticsManager] Store versions:
2016-03-28 23:45:46.497+0000 INFO  [o.n.k.i.DiagnosticsManager] ArrayPropertyStore v0.A.6
2016-03-28 23:45:46.497+0000 INFO  [o.n.k.i.DiagnosticsManager] NodeStore v0.A.6
2016-03-28 23:45:46.497+0000 INFO  [o.n.k.i.DiagnosticsManager] StringPropertyStore v0.A.6
2016-03-28 23:45:46.497+0000 INFO  [o.n.k.i.DiagnosticsManager] PropertyIndexStore v0.A.6
2016-03-28 23:45:46.497+0000 INFO  [o.n.k.i.DiagnosticsManager] StringPropertyStore v0.A.6
2016-03-28 23:45:46.497+0000 INFO  [o.n.k.i.DiagnosticsManager] ArrayPropertyStore v0.A.6
2016-03-28 23:45:46.497+0000 INFO  [o.n.k.i.DiagnosticsManager] PropertyStore v0.A.6
2016-03-28 23:45:46.498+0000 INFO  [o.n.k.i.DiagnosticsManager] RelationshipStore v0.A.6
2016-03-28 23:45:46.498+0000 INFO  [o.n.k.i.DiagnosticsManager] StringPropertyStore v0.A.6
2016-03-28 23:45:46.498+0000 INFO  [o.n.k.i.DiagnosticsManager] RelationshipTypeStore v0.A.6
2016-03-28 23:45:46.498+0000 INFO  [o.n.k.i.DiagnosticsManager] StringPropertyStore v0.A.6
2016-03-28 23:45:46.498+0000 INFO  [o.n.k.i.DiagnosticsManager] LabelTokenStore v0.A.6
2016-03-28 23:45:46.498+0000 INFO  [o.n.k.i.DiagnosticsManager] SchemaStore v0.A.6
2016-03-28 23:45:46.498+0000 INFO  [o.n.k.i.DiagnosticsManager] RelationshipGroupStore v0.A.6
2016-03-28 23:45:46.498+0000 INFO  [o.n.k.i.DiagnosticsManager] NeoStore v0.A.6
2016-03-28 23:45:46.498+0000 INFO  [o.n.k.i.DiagnosticsManager] --- STARTED diagnostics for NEO_STORE_VERSIONS END ---
2016-03-28 23:45:46.498+0000 INFO  [o.n.k.i.DiagnosticsManager] --- STARTED diagnostics for NEO_STORE_ID_USAGE START ---
2016-03-28 23:45:46.498+0000 INFO  [o.n.k.i.DiagnosticsManager] Id usage:
2016-03-28 23:45:46.498+0000 INFO  [o.n.k.i.DiagnosticsManager] Id usage:
2016-03-28 23:45:46.498+0000 INFO  [o.n.k.i.DiagnosticsManager]   ArrayPropertyStore v0.A.6: used=1 high=0
2016-03-28 23:45:46.498+0000 INFO  [o.n.k.i.DiagnosticsManager]   NodeStore v0.A.6: used=0 high=-1
2016-03-28 23:45:46.498+0000 INFO  [o.n.k.i.DiagnosticsManager]   StringPropertyStore v0.A.6: used=1 high=0
2016-03-28 23:45:46.499+0000 INFO  [o.n.k.i.DiagnosticsManager]   PropertyIndexStore v0.A.6: used=0 high=-1
2016-03-28 23:45:46.499+0000 INFO  [o.n.k.i.DiagnosticsManager]   StringPropertyStore v0.A.6: used=1 high=0
2016-03-28 23:45:46.499+0000 INFO  [o.n.k.i.DiagnosticsManager]   ArrayPropertyStore v0.A.6: used=1 high=0
2016-03-28 23:45:46.499+0000 INFO  [o.n.k.i.DiagnosticsManager]   PropertyStore v0.A.6: used=0 high=-1
2016-03-28 23:45:46.499+0000 INFO  [o.n.k.i.DiagnosticsManager]   RelationshipStore v0.A.6: used=0 high=-1
2016-03-28 23:45:46.499+0000 INFO  [o.n.k.i.DiagnosticsManager]   StringPropertyStore v0.A.6: used=1 high=0
2016-03-28 23:45:46.499+0000 INFO  [o.n.k.i.DiagnosticsManager]   RelationshipTypeStore v0.A.6: used=0 high=-1
2016-03-28 23:45:46.499+0000 INFO  [o.n.k.i.DiagnosticsManager]   StringPropertyStore v0.A.6: used=1 high=0
2016-03-28 23:45:46.499+0000 INFO  [o.n.k.i.DiagnosticsManager]   LabelTokenStore v0.A.6: used=0 high=-1
2016-03-28 23:45:46.500+0000 INFO  [o.n.k.i.DiagnosticsManager]   SchemaStore v0.A.6: used=1 high=0
2016-03-28 23:45:46.500+0000 INFO  [o.n.k.i.DiagnosticsManager]   RelationshipGroupStore v0.A.6: used=1 high=0
2016-03-28 23:45:46.500+0000 INFO  [o.n.k.i.DiagnosticsManager]   NeoStore v0.A.6: used=13 high=12
2016-03-28 23:45:46.500+0000 INFO  [o.n.k.i.DiagnosticsManager] --- STARTED diagnostics for NEO_STORE_ID_USAGE END ---
2016-03-28 23:45:46.500+0000 INFO  [o.n.k.i.DiagnosticsManager] --- STARTED diagnostics for NEO_STORE_RECORDS START ---
2016-03-28 23:45:46.500+0000 INFO  [o.n.k.i.DiagnosticsManager] Neostore records:
2016-03-28 23:45:46.500+0000 INFO  [o.n.k.i.DiagnosticsManager] TIME (Creation time): 1459208746000
2016-03-28 23:45:46.500+0000 INFO  [o.n.k.i.DiagnosticsManager] RANDOM_NUMBER (Random number for store id): 6191006280318933697
2016-03-28 23:45:46.501+0000 INFO  [o.n.k.i.DiagnosticsManager] LOG_VERSION (Current log version): 0
2016-03-28 23:45:46.501+0000 INFO  [o.n.k.i.DiagnosticsManager] LAST_TRANSACTION_ID (Last committed transaction): 1
2016-03-28 23:45:46.501+0000 INFO  [o.n.k.i.DiagnosticsManager] STORE_VERSION (Store format version): 15250506225055238
2016-03-28 23:45:46.501+0000 INFO  [o.n.k.i.DiagnosticsManager] FIRST_GRAPH_PROPERTY (First property record containing graph properties): -1
2016-03-28 23:45:46.501+0000 INFO  [o.n.k.i.DiagnosticsManager] LAST_CONSTRAINT_TRANSACTION (Last committed transaction containing constraint changes): 0
2016-03-28 23:45:46.501+0000 INFO  [o.n.k.i.DiagnosticsManager] UPGRADE_TRANSACTION_ID (Transaction id most recent upgrade was performed at): 1
2016-03-28 23:45:46.501+0000 INFO  [o.n.k.i.DiagnosticsManager] UPGRADE_TIME (Time of last upgrade): 1459208746000
2016-03-28 23:45:46.501+0000 INFO  [o.n.k.i.DiagnosticsManager] LAST_TRANSACTION_CHECKSUM (Checksum of last committed transaction): 0
2016-03-28 23:45:46.501+0000 INFO  [o.n.k.i.DiagnosticsManager] UPGRADE_TRANSACTION_CHECKSUM (Checksum of transaction id the most recent upgrade was performed at): 0
2016-03-28 23:45:46.501+0000 INFO  [o.n.k.i.DiagnosticsManager] LAST_CLOSED_TRANSACTION_LOG_VERSION (Log version where the last transaction commit entry has been written into): 0
2016-03-28 23:45:46.501+0000 INFO  [o.n.k.i.DiagnosticsManager] LAST_CLOSED_TRANSACTION_LOG_BYTE_OFFSET (Byte offset in the log file where the last transaction commit entry has been written into): 16
2016-03-28 23:45:46.501+0000 INFO  [o.n.k.i.DiagnosticsManager] --- STARTED diagnostics for NEO_STORE_RECORDS END ---
2016-03-28 23:45:46.501+0000 INFO  [o.n.k.i.DiagnosticsManager] --- STARTED diagnostics for TRANSACTION_RANGE START ---
2016-03-28 23:45:46.501+0000 INFO  [o.n.k.i.DiagnosticsManager] Transaction log:
2016-03-28 23:45:46.502+0000 INFO  [o.n.k.i.DiagnosticsManager] No transactions found in any log
2016-03-28 23:45:46.502+0000 INFO  [o.n.k.i.DiagnosticsManager] --- STARTED diagnostics for TRANSACTION_RANGE END ---
2016-03-28 23:45:46.502+0000 INFO  [o.n.k.i.DiagnosticsManager] --- STARTED diagnostics for KernelDiagnostics:StoreFiles START ---
2016-03-28 23:45:46.502+0000 INFO  [o.n.k.i.DiagnosticsManager] Disk space on partition (Total / Free / Free %): 249795969024 / 21293056000 / 8
Storage files: (filename : modification date - size)
2016-03-28 23:45:46.503+0000 INFO  [o.n.k.i.DiagnosticsManager]   index:
2016-03-28 23:45:46.503+0000 INFO  [o.n.k.i.DiagnosticsManager]   - Total: 2016-03-28T16:45:46-0700 - 0.00 B
2016-03-28 23:45:46.503+0000 INFO  [o.n.k.i.DiagnosticsManager]   messages.log: 2016-03-28T16:45:46-0700 - 38.04 kB
2016-03-28 23:45:46.503+0000 INFO  [o.n.k.i.DiagnosticsManager]   neostore: 2016-03-28T16:45:46-0700 - 8.00 kB
2016-03-28 23:45:46.504+0000 INFO  [o.n.k.i.DiagnosticsManager]   neostore.counts.db.a: 2016-03-28T16:45:46-0700 - 96.00 B
2016-03-28 23:45:46.504+0000 INFO  [o.n.k.i.DiagnosticsManager]   neostore.id: 2016-03-28T16:45:46-0700 - 9.00 B
2016-03-28 23:45:46.504+0000 INFO  [o.n.k.i.DiagnosticsManager]   neostore.labeltokenstore.db: 2016-03-28T16:45:45-0700 - 0.00 B
2016-03-28 23:45:46.504+0000 INFO  [o.n.k.i.DiagnosticsManager]   neostore.labeltokenstore.db.id: 2016-03-28T16:45:45-0700 - 9.00 B
2016-03-28 23:45:46.504+0000 INFO  [o.n.k.i.DiagnosticsManager]   neostore.labeltokenstore.db.names: 2016-03-28T16:45:45-0700 - 8.00 kB
2016-03-28 23:45:46.504+0000 INFO  [o.n.k.i.DiagnosticsManager]   neostore.labeltokenstore.db.names.id: 2016-03-28T16:45:45-0700 - 9.00 B
2016-03-28 23:45:46.505+0000 INFO  [o.n.k.i.DiagnosticsManager]   neostore.nodestore.db: 2016-03-28T16:45:45-0700 - 0.00 B
2016-03-28 23:45:46.505+0000 INFO  [o.n.k.i.DiagnosticsManager]   neostore.nodestore.db.id: 2016-03-28T16:45:45-0700 - 9.00 B
2016-03-28 23:45:46.505+0000 INFO  [o.n.k.i.DiagnosticsManager]   neostore.nodestore.db.labels: 2016-03-28T16:45:45-0700 - 8.00 kB
2016-03-28 23:45:46.505+0000 INFO  [o.n.k.i.DiagnosticsManager]   neostore.nodestore.db.labels.id: 2016-03-28T16:45:45-0700 - 9.00 B
2016-03-28 23:45:46.505+0000 INFO  [o.n.k.i.DiagnosticsManager]   neostore.propertystore.db: 2016-03-28T16:45:45-0700 - 0.00 B
2016-03-28 23:45:46.506+0000 INFO  [o.n.k.i.DiagnosticsManager]   neostore.propertystore.db.arrays: 2016-03-28T16:45:45-0700 - 8.00 kB
2016-03-28 23:45:46.506+0000 INFO  [o.n.k.i.DiagnosticsManager]   neostore.propertystore.db.arrays.id: 2016-03-28T16:45:45-0700 - 9.00 B
2016-03-28 23:45:46.506+0000 INFO  [o.n.k.i.DiagnosticsManager]   neostore.propertystore.db.id: 2016-03-28T16:45:45-0700 - 9.00 B
2016-03-28 23:45:46.506+0000 INFO  [o.n.k.i.DiagnosticsManager]   neostore.propertystore.db.index: 2016-03-28T16:45:45-0700 - 0.00 B
2016-03-28 23:45:46.506+0000 INFO  [o.n.k.i.DiagnosticsManager]   neostore.propertystore.db.index.id: 2016-03-28T16:45:45-0700 - 9.00 B
2016-03-28 23:45:46.506+0000 INFO  [o.n.k.i.DiagnosticsManager]   neostore.propertystore.db.index.keys: 2016-03-28T16:45:45-0700 - 8.00 kB
2016-03-28 23:45:46.507+0000 INFO  [o.n.k.i.DiagnosticsManager]   neostore.propertystore.db.index.keys.id: 2016-03-28T16:45:45-0700 - 9.00 B
2016-03-28 23:45:46.507+0000 INFO  [o.n.k.i.DiagnosticsManager]   neostore.propertystore.db.strings: 2016-03-28T16:45:45-0700 - 8.00 kB
2016-03-28 23:45:46.507+0000 INFO  [o.n.k.i.DiagnosticsManager]   neostore.propertystore.db.strings.id: 2016-03-28T16:45:45-0700 - 9.00 B
2016-03-28 23:45:46.507+0000 INFO  [o.n.k.i.DiagnosticsManager]   neostore.relationshipgroupstore.db: 2016-03-28T16:45:45-0700 - 8.00 kB
2016-03-28 23:45:46.507+0000 INFO  [o.n.k.i.DiagnosticsManager]   neostore.relationshipgroupstore.db.id: 2016-03-28T16:45:45-0700 - 9.00 B
2016-03-28 23:45:46.507+0000 INFO  [o.n.k.i.DiagnosticsManager]   neostore.relationshipstore.db: 2016-03-28T16:45:45-0700 - 0.00 B
2016-03-28 23:45:46.508+0000 INFO  [o.n.k.i.DiagnosticsManager]   neostore.relationshipstore.db.id: 2016-03-28T16:45:45-0700 - 9.00 B
2016-03-28 23:45:46.508+0000 INFO  [o.n.k.i.DiagnosticsManager]   neostore.relationshiptypestore.db: 2016-03-28T16:45:45-0700 - 0.00 B
2016-03-28 23:45:46.508+0000 INFO  [o.n.k.i.DiagnosticsManager]   neostore.relationshiptypestore.db.id: 2016-03-28T16:45:45-0700 - 9.00 B
2016-03-28 23:45:46.508+0000 INFO  [o.n.k.i.DiagnosticsManager]   neostore.relationshiptypestore.db.names: 2016-03-28T16:45:45-0700 - 8.00 kB
2016-03-28 23:45:46.508+0000 INFO  [o.n.k.i.DiagnosticsManager]   neostore.relationshiptypestore.db.names.id: 2016-03-28T16:45:45-0700 - 9.00 B
2016-03-28 23:45:46.509+0000 INFO  [o.n.k.i.DiagnosticsManager]   neostore.schemastore.db: 2016-03-28T16:45:45-0700 - 8.00 kB
2016-03-28 23:45:46.509+0000 INFO  [o.n.k.i.DiagnosticsManager]   neostore.schemastore.db.id: 2016-03-28T16:45:45-0700 - 9.00 B
2016-03-28 23:45:46.509+0000 INFO  [o.n.k.i.DiagnosticsManager]   neostore.transaction.db.0: 2016-03-28T16:45:46-0700 - 16.00 B
2016-03-28 23:45:46.509+0000 INFO  [o.n.k.i.DiagnosticsManager]   schema:
2016-03-28 23:45:46.509+0000 INFO  [o.n.k.i.DiagnosticsManager]     label:
2016-03-28 23:45:46.509+0000 INFO  [o.n.k.i.DiagnosticsManager]       lucene:
2016-03-28 23:45:46.509+0000 INFO  [o.n.k.i.DiagnosticsManager]         write.lock: 2016-03-28T16:45:46-0700 - 0.00 B
2016-03-28 23:45:46.510+0000 INFO  [o.n.k.i.DiagnosticsManager]       - Total: 2016-03-28T16:45:46-0700 - 0.00 B
2016-03-28 23:45:46.510+0000 INFO  [o.n.k.i.DiagnosticsManager]     - Total: 2016-03-28T16:45:46-0700 - 0.00 B
2016-03-28 23:45:46.510+0000 INFO  [o.n.k.i.DiagnosticsManager]   - Total: 2016-03-28T16:45:46-0700 - 0.00 B
2016-03-28 23:45:46.510+0000 INFO  [o.n.k.i.DiagnosticsManager]   store_lock: 2016-03-28T16:45:45-0700 - 0.00 B
2016-03-28 23:45:46.510+0000 INFO  [o.n.k.i.DiagnosticsManager] --- STARTED diagnostics for KernelDiagnostics:StoreFiles END ---
2016-03-28 23:45:47.463+0000 INFO  [o.n.k.i.DiagnosticsManager] --- SERVER STARTED START ---
2016-03-28 23:45:48.768+0000 INFO  [o.n.k.i.DiagnosticsManager] --- SERVER STARTED END ---
2016-03-28 23:51:00.210+0000 INFO  [o.n.k.i.a.i.IndexPopulationJob] Index population started: [:User(uuid) [provider: {key=lucene, version=1.0}]]
2016-03-28 23:51:00.221+0000 INFO  [o.n.k.i.a.KernelSchemaStateStore] Schema state store has been cleared.
2016-03-28 23:51:00.226+0000 INFO  [o.n.k.i.a.i.IndexPopulationJob] Index population completed. Index is now online: [:User(uuid) [provider: {key=lucene, version=1.0}]]
2016-03-28 23:51:00.236+0000 INFO  [o.n.k.i.a.KernelSchemaStateStore] Schema state store has been cleared.
2016-03-28 23:51:00.262+0000 INFO  [o.n.k.i.a.i.IndexPopulationJob] Index population started: [:User(email) [provider: {key=lucene, version=1.0}]]
2016-03-28 23:51:00.265+0000 INFO  [o.n.k.i.a.KernelSchemaStateStore] Schema state store has been cleared.
2016-03-28 23:51:00.267+0000 INFO  [o.n.k.i.a.i.IndexPopulationJob] Index population completed. Index is now online: [:User(email) [provider: {key=lucene, version=1.0}]]
2016-03-28 23:51:06.355+0000 INFO  [o.n.k.i.t.l.c.CheckPointerImpl] Check Pointing triggered by scheduler for time threshold [7]:  Starting check pointing...
2016-03-28 23:51:06.355+0000 INFO  [o.n.k.i.t.l.c.CheckPointerImpl] Check Pointing triggered by scheduler for time threshold [7]:  Starting store flush...
2016-03-28 23:51:06.362+0000 INFO  [o.n.k.i.s.c.CountsTracker] About to rotate counts store at transaction 7 to [/Users/jianwei/Desktop/learnRails/boomerang/db/neo4j/development/data/graph.db/neostore.counts.db.b], from [/Users/jianwei/Desktop/learnRails/boomerang/db/neo4j/development/data/graph.db/neostore.counts.db.a].
2016-03-28 23:51:06.364+0000 INFO  [o.n.k.i.s.c.CountsTracker] Successfully rotated counts store at transaction 7 to [/Users/jianwei/Desktop/learnRails/boomerang/db/neo4j/development/data/graph.db/neostore.counts.db.b], from [/Users/jianwei/Desktop/learnRails/boomerang/db/neo4j/development/data/graph.db/neostore.counts.db.a].
2016-03-28 23:51:06.365+0000 INFO  [o.n.k.i.t.l.c.CheckPointerImpl] Check Pointing triggered by scheduler for time threshold [7]:  Store flush completed
2016-03-28 23:51:06.365+0000 INFO  [o.n.k.i.t.l.c.CheckPointerImpl] Check Pointing triggered by scheduler for time threshold [7]:  Starting appending check point entry into the tx log...
2016-03-28 23:51:06.366+0000 INFO  [o.n.k.i.t.l.c.CheckPointerImpl] Check Pointing triggered by scheduler for time threshold [7]:  Appending check point entry into the tx log completed
2016-03-28 23:51:06.366+0000 INFO  [o.n.k.i.t.l.c.CheckPointerImpl] Check Pointing triggered by scheduler for time threshold [7]:  Check pointing completed
2016-03-28 23:51:06.366+0000 INFO  [o.n.k.i.t.l.p.LogPruningImpl] Log Rotation [0]:  Starting log pruning.
2016-03-28 23:51:06.366+0000 INFO  [o.n.k.i.t.l.p.LogPruningImpl] Log Rotation [0]:  Log pruning complete.
2016-03-28 23:51:16.268+0000 INFO  [o.n.k.i.a.i.s.OnlineIndexSamplingJob] Sampled index :User(uuid) with 1 unique values in sample of avg size 1 taken from index containing 1 entries
2016-03-28 23:51:24.364+0000 INFO  [o.n.c.i.ServerExecutionEngine] Discarded stale query from the query cache: CYPHER 2.3 MATCH (result:`User`) WHERE (result.email =~ {result_email}) RETURN COUNT(result) AS count
2016-03-28 23:51:24.365+0000 INFO  [o.n.c.i.CypherCompiler] Discarded stale query from the query cache: Query(None,SingleQuery(List(Match(false,Pattern(List(EveryPath(NodePattern(Some(Identifier(result)),List(),None,false)))),List(),Some(Where(And(HasLabels(Identifier(result),List(LabelName(User))),RegexMatch(Property(Identifier(result),PropertyKeyName(email)),Parameter(result_email)))))), Return(false,ReturnItems(false,List(AliasedReturnItem(FunctionInvocation(FunctionName(COUNT),false,Vector(Identifier(result))),Identifier(count)))),None,None,None))))
2016-03-28 23:51:26.266+0000 INFO  [o.n.k.i.a.i.s.OnlineIndexSamplingJob] Sampled index :User(email) with 2 unique values in sample of avg size 2 taken from index containing 2 entries
2016-03-28 23:51:33.633+0000 INFO  [o.n.c.i.ServerExecutionEngine] Discarded stale query from the query cache: CYPHER 2.3 MATCH (result:`User`) WHERE (result.email =~ {result_email}) RETURN COUNT(result) AS count
2016-03-28 23:51:33.633+0000 INFO  [o.n.c.i.CypherCompiler] Discarded stale query from the query cache: Query(None,SingleQuery(List(Match(false,Pattern(List(EveryPath(NodePattern(Some(Identifier(result)),List(),None,false)))),List(),Some(Where(And(HasLabels(Identifier(result),List(LabelName(User))),RegexMatch(Property(Identifier(result),PropertyKeyName(email)),Parameter(result_email)))))), Return(false,ReturnItems(false,List(AliasedReturnItem(FunctionInvocation(FunctionName(COUNT),false,Vector(Identifier(result))),Identifier(count)))),None,None,None))))
2016-03-28 23:51:36.266+0000 INFO  [o.n.k.i.a.i.s.OnlineIndexSamplingJob] Sampled index :User(uuid) with 3 unique values in sample of avg size 3 taken from index containing 3 entries
2016-03-28 23:51:46.266+0000 INFO  [o.n.k.i.a.i.s.OnlineIndexSamplingJob] Sampled index :User(email) with 3 unique values in sample of avg size 3 taken from index containing 3 entries
2016-03-28 23:52:07.657+0000 INFO  [o.n.c.i.ServerExecutionEngine] Discarded stale query from the query cache: CYPHER 2.3 MATCH a -[r]- b WHERE id(a) IN[0,1,2]
AND id(b) IN[0,1,2]
RETURN r;
2016-03-28 23:52:07.659+0000 INFO  [o.n.c.i.CypherCompiler] Discarded stale query from the query cache: Query(None,SingleQuery(List(Match(false,Pattern(List(EveryPath(RelationshipChain(NodePattern(Some(Identifier(a)),List(),None,true),RelationshipPattern(Some(Identifier(r)),false,List(),None,None,BOTH),NodePattern(Some(Identifier(b)),List(),None,true))))),List(),Some(Where(And(In(FunctionInvocation(FunctionName(id),false,Vector(Identifier(a))),Collection(List(Parameter(  AUTOINT0), Parameter(  AUTOINT1), Parameter(  AUTOINT2)))),In(FunctionInvocation(FunctionName(id),false,Vector(Identifier(b))),Collection(List(Parameter(  AUTOINT3), Parameter(  AUTOINT4), Parameter(  AUTOINT5)))))))), Return(false,ReturnItems(false,List(AliasedReturnItem(Identifier(r),Identifier(r)))),None,None,None))))
2016-03-28 23:52:15.404+0000 INFO  [o.n.c.i.ServerExecutionEngine] Discarded stale query from the query cache: CYPHER 2.3 MATCH n, (n)-[r]-(p) WHERE (ID(n) = {ID_n}) RETURN r as result
2016-03-28 23:52:15.405+0000 INFO  [o.n.c.i.CypherCompiler] Discarded stale query from the query cache: Query(None,SingleQuery(List(Match(false,Pattern(List(EveryPath(NodePattern(Some(Identifier(n)),List(),None,true)), EveryPath(RelationshipChain(NodePattern(Some(Identifier(n)),List(),None,false),RelationshipPattern(Some(Identifier(r)),false,List(),None,None,BOTH),NodePattern(Some(Identifier(p)),List(),None,false))))),List(),Some(Where(Equals(FunctionInvocation(FunctionName(ID),false,Vector(Identifier(n))),Parameter(ID_n))))), Return(false,ReturnItems(false,List(AliasedReturnItem(Identifier(r),Identifier(result)))),None,None,None))))
2016-03-28 23:56:06.456+0000 INFO  [o.n.k.i.t.l.c.CheckPointerImpl] Check Pointing triggered by scheduler for time threshold [18]:  Starting check pointing...
2016-03-28 23:56:06.457+0000 INFO  [o.n.k.i.t.l.c.CheckPointerImpl] Check Pointing triggered by scheduler for time threshold [18]:  Starting store flush...
2016-03-28 23:56:06.463+0000 INFO  [o.n.k.i.s.c.CountsTracker] About to rotate counts store at transaction 18 to [/Users/jianwei/Desktop/learnRails/boomerang/db/neo4j/development/data/graph.db/neostore.counts.db.a], from [/Users/jianwei/Desktop/learnRails/boomerang/db/neo4j/development/data/graph.db/neostore.counts.db.b].
2016-03-28 23:56:06.464+0000 INFO  [o.n.k.i.s.c.CountsTracker] Successfully rotated counts store at transaction 18 to [/Users/jianwei/Desktop/learnRails/boomerang/db/neo4j/development/data/graph.db/neostore.counts.db.a], from [/Users/jianwei/Desktop/learnRails/boomerang/db/neo4j/development/data/graph.db/neostore.counts.db.b].
2016-03-28 23:56:06.465+0000 INFO  [o.n.k.i.t.l.c.CheckPointerImpl] Check Pointing triggered by scheduler for time threshold [18]:  Store flush completed
2016-03-28 23:56:06.465+0000 INFO  [o.n.k.i.t.l.c.CheckPointerImpl] Check Pointing triggered by scheduler for time threshold [18]:  Starting appending check point entry into the tx log...
2016-03-28 23:56:06.466+0000 INFO  [o.n.k.i.t.l.c.CheckPointerImpl] Check Pointing triggered by scheduler for time threshold [18]:  Appending check point entry into the tx log completed
2016-03-28 23:56:06.466+0000 INFO  [o.n.k.i.t.l.c.CheckPointerImpl] Check Pointing triggered by scheduler for time threshold [18]:  Check pointing completed
2016-03-28 23:56:06.466+0000 INFO  [o.n.k.i.t.l.p.LogPruningImpl] Log Rotation [0]:  Starting log pruning.
2016-03-28 23:56:06.466+0000 INFO  [o.n.k.i.t.l.p.LogPruningImpl] Log Rotation [0]:  Log pruning complete.
2016-03-28 23:58:49.905+0000 INFO  [o.n.c.i.ServerExecutionEngine] Discarded stale query from the query cache: CYPHER 2.3 MATCH a -[r]- b WHERE id(a) IN[0,1,2]
AND id(b) IN[0,1,2]
RETURN r;
2016-03-28 23:58:49.906+0000 INFO  [o.n.c.i.CypherCompiler] Discarded stale query from the query cache: Query(None,SingleQuery(List(Match(false,Pattern(List(EveryPath(RelationshipChain(NodePattern(Some(Identifier(a)),List(),None,true),RelationshipPattern(Some(Identifier(r)),false,List(),None,None,BOTH),NodePattern(Some(Identifier(b)),List(),None,true))))),List(),Some(Where(And(In(FunctionInvocation(FunctionName(id),false,Vector(Identifier(a))),Collection(List(Parameter(  AUTOINT0), Parameter(  AUTOINT1), Parameter(  AUTOINT2)))),In(FunctionInvocation(FunctionName(id),false,Vector(Identifier(b))),Collection(List(Parameter(  AUTOINT3), Parameter(  AUTOINT4), Parameter(  AUTOINT5)))))))), Return(false,ReturnItems(false,List(AliasedReturnItem(Identifier(r),Identifier(r)))),None,None,None))))
2016-03-29 00:00:15.725+0000 INFO  [o.n.c.i.ServerExecutionEngine] Discarded stale query from the query cache: CYPHER 2.3 MATCH a -[r]- b WHERE id(a) IN[0,1,2]
AND id(b) IN[0,1,2]
RETURN r;
2016-03-29 00:00:15.726+0000 INFO  [o.n.c.i.CypherCompiler] Discarded stale query from the query cache: Query(None,SingleQuery(List(Match(false,Pattern(List(EveryPath(RelationshipChain(NodePattern(Some(Identifier(a)),List(),None,true),RelationshipPattern(Some(Identifier(r)),false,List(),None,None,BOTH),NodePattern(Some(Identifier(b)),List(),None,true))))),List(),Some(Where(And(In(FunctionInvocation(FunctionName(id),false,Vector(Identifier(a))),Collection(List(Parameter(  AUTOINT0), Parameter(  AUTOINT1), Parameter(  AUTOINT2)))),In(FunctionInvocation(FunctionName(id),false,Vector(Identifier(b))),Collection(List(Parameter(  AUTOINT3), Parameter(  AUTOINT4), Parameter(  AUTOINT5)))))))), Return(false,ReturnItems(false,List(AliasedReturnItem(Identifier(r),Identifier(r)))),None,None,None))))
2016-03-29 00:00:43.092+0000 INFO  [o.n.c.i.ServerExecutionEngine] Discarded stale query from the query cache: CYPHER 2.3 MATCH n, (n)-[r]-(p) WHERE (ID(n) = {ID_n}) RETURN r as result
2016-03-29 00:00:43.093+0000 INFO  [o.n.c.i.CypherCompiler] Discarded stale query from the query cache: Query(None,SingleQuery(List(Match(false,Pattern(List(EveryPath(NodePattern(Some(Identifier(n)),List(),None,true)), EveryPath(RelationshipChain(NodePattern(Some(Identifier(n)),List(),None,false),RelationshipPattern(Some(Identifier(r)),false,List(),None,None,BOTH),NodePattern(Some(Identifier(p)),List(),None,false))))),List(),Some(Where(Equals(FunctionInvocation(FunctionName(ID),false,Vector(Identifier(n))),Parameter(ID_n))))), Return(false,ReturnItems(false,List(AliasedReturnItem(Identifier(r),Identifier(result)))),None,None,None))))
2016-03-29 00:00:45.872+0000 INFO  [o.n.c.i.ServerExecutionEngine] Discarded stale query from the query cache: CYPHER 2.3 MATCH n, (n)-[r]-(p) WHERE (ID(n) = {ID_n}) RETURN r as result
2016-03-29 00:00:45.873+0000 INFO  [o.n.c.i.CypherCompiler] Discarded stale query from the query cache: Query(None,SingleQuery(List(Match(false,Pattern(List(EveryPath(NodePattern(Some(Identifier(n)),List(),None,true)), EveryPath(RelationshipChain(NodePattern(Some(Identifier(n)),List(),None,false),RelationshipPattern(Some(Identifier(r)),false,List(),None,None,BOTH),NodePattern(Some(Identifier(p)),List(),None,false))))),List(),Some(Where(Equals(FunctionInvocation(FunctionName(ID),false,Vector(Identifier(n))),Parameter(ID_n))))), Return(false,ReturnItems(false,List(AliasedReturnItem(Identifier(r),Identifier(result)))),None,None,None))))
2016-03-29 00:00:47.735+0000 INFO  [o.n.c.i.ServerExecutionEngine] Discarded stale query from the query cache: CYPHER 2.3 MATCH a -[r]- b WHERE id(a) IN[0,1,2]
AND id(b) IN[0,1,2]
RETURN r;
2016-03-29 00:00:47.736+0000 INFO  [o.n.c.i.CypherCompiler] Discarded stale query from the query cache: Query(None,SingleQuery(List(Match(false,Pattern(List(EveryPath(RelationshipChain(NodePattern(Some(Identifier(a)),List(),None,true),RelationshipPattern(Some(Identifier(r)),false,List(),None,None,BOTH),NodePattern(Some(Identifier(b)),List(),None,true))))),List(),Some(Where(And(In(FunctionInvocation(FunctionName(id),false,Vector(Identifier(a))),Collection(List(Parameter(  AUTOINT0), Parameter(  AUTOINT1), Parameter(  AUTOINT2)))),In(FunctionInvocation(FunctionName(id),false,Vector(Identifier(b))),Collection(List(Parameter(  AUTOINT3), Parameter(  AUTOINT4), Parameter(  AUTOINT5)))))))), Return(false,ReturnItems(false,List(AliasedReturnItem(Identifier(r),Identifier(r)))),None,None,None))))
2016-03-29 00:01:06.557+0000 INFO  [o.n.k.i.t.l.c.CheckPointerImpl] Check Pointing triggered by scheduler for time threshold [27]:  Starting check pointing...
2016-03-29 00:01:06.557+0000 INFO  [o.n.k.i.t.l.c.CheckPointerImpl] Check Pointing triggered by scheduler for time threshold [27]:  Starting store flush...
2016-03-29 00:01:06.558+0000 INFO  [o.n.k.i.s.c.CountsTracker] About to rotate counts store at transaction 27 to [/Users/jianwei/Desktop/learnRails/boomerang/db/neo4j/development/data/graph.db/neostore.counts.db.b], from [/Users/jianwei/Desktop/learnRails/boomerang/db/neo4j/development/data/graph.db/neostore.counts.db.a].
2016-03-29 00:01:06.559+0000 INFO  [o.n.k.i.s.c.CountsTracker] Successfully rotated counts store at transaction 27 to [/Users/jianwei/Desktop/learnRails/boomerang/db/neo4j/development/data/graph.db/neostore.counts.db.b], from [/Users/jianwei/Desktop/learnRails/boomerang/db/neo4j/development/data/graph.db/neostore.counts.db.a].
2016-03-29 00:01:06.561+0000 INFO  [o.n.k.i.t.l.c.CheckPointerImpl] Check Pointing triggered by scheduler for time threshold [27]:  Store flush completed
2016-03-29 00:01:06.561+0000 INFO  [o.n.k.i.t.l.c.CheckPointerImpl] Check Pointing triggered by scheduler for time threshold [27]:  Starting appending check point entry into the tx log...
2016-03-29 00:01:06.562+0000 INFO  [o.n.k.i.t.l.c.CheckPointerImpl] Check Pointing triggered by scheduler for time threshold [27]:  Appending check point entry into the tx log completed
2016-03-29 00:01:06.562+0000 INFO  [o.n.k.i.t.l.c.CheckPointerImpl] Check Pointing triggered by scheduler for time threshold [27]:  Check pointing completed
2016-03-29 00:01:06.562+0000 INFO  [o.n.k.i.t.l.p.LogPruningImpl] Log Rotation [0]:  Starting log pruning.
2016-03-29 00:01:06.562+0000 INFO  [o.n.k.i.t.l.p.LogPruningImpl] Log Rotation [0]:  Log pruning complete.
2016-03-29 00:02:39.512+0000 INFO  [o.n.c.i.ServerExecutionEngine] Discarded stale query from the query cache: CYPHER 2.3 MATCH n, (n)-[r]-(p) WHERE (ID(n) = {ID_n}) RETURN r as result
2016-03-29 00:02:39.514+0000 INFO  [o.n.c.i.CypherCompiler] Discarded stale query from the query cache: Query(None,SingleQuery(List(Match(false,Pattern(List(EveryPath(NodePattern(Some(Identifier(n)),List(),None,true)), EveryPath(RelationshipChain(NodePattern(Some(Identifier(n)),List(),None,false),RelationshipPattern(Some(Identifier(r)),false,List(),None,None,BOTH),NodePattern(Some(Identifier(p)),List(),None,false))))),List(),Some(Where(Equals(FunctionInvocation(FunctionName(ID),false,Vector(Identifier(n))),Parameter(ID_n))))), Return(false,ReturnItems(false,List(AliasedReturnItem(Identifier(r),Identifier(result)))),None,None,None))))
2016-03-29 00:06:06.651+0000 INFO  [o.n.k.i.t.l.c.CheckPointerImpl] Check Pointing triggered by scheduler for time threshold [33]:  Starting check pointing...
2016-03-29 00:06:06.652+0000 INFO  [o.n.k.i.t.l.c.CheckPointerImpl] Check Pointing triggered by scheduler for time threshold [33]:  Starting store flush...
2016-03-29 00:06:06.653+0000 INFO  [o.n.k.i.s.c.CountsTracker] About to rotate counts store at transaction 33 to [/Users/jianwei/Desktop/learnRails/boomerang/db/neo4j/development/data/graph.db/neostore.counts.db.a], from [/Users/jianwei/Desktop/learnRails/boomerang/db/neo4j/development/data/graph.db/neostore.counts.db.b].
2016-03-29 00:06:06.654+0000 INFO  [o.n.k.i.s.c.CountsTracker] Successfully rotated counts store at transaction 33 to [/Users/jianwei/Desktop/learnRails/boomerang/db/neo4j/development/data/graph.db/neostore.counts.db.a], from [/Users/jianwei/Desktop/learnRails/boomerang/db/neo4j/development/data/graph.db/neostore.counts.db.b].
2016-03-29 00:06:06.655+0000 INFO  [o.n.k.i.t.l.c.CheckPointerImpl] Check Pointing triggered by scheduler for time threshold [33]:  Store flush completed
2016-03-29 00:06:06.655+0000 INFO  [o.n.k.i.t.l.c.CheckPointerImpl] Check Pointing triggered by scheduler for time threshold [33]:  Starting appending check point entry into the tx log...
2016-03-29 00:06:06.656+0000 INFO  [o.n.k.i.t.l.c.CheckPointerImpl] Check Pointing triggered by scheduler for time threshold [33]:  Appending check point entry into the tx log completed
2016-03-29 00:06:06.656+0000 INFO  [o.n.k.i.t.l.c.CheckPointerImpl] Check Pointing triggered by scheduler for time threshold [33]:  Check pointing completed
2016-03-29 00:06:06.656+0000 INFO  [o.n.k.i.t.l.p.LogPruningImpl] Log Rotation [0]:  Starting log pruning.
2016-03-29 00:06:06.656+0000 INFO  [o.n.k.i.t.l.p.LogPruningImpl] Log Rotation [0]:  Log pruning complete.
2016-03-29 00:25:16.943+0000 INFO  [o.n.k.i.t.l.c.CheckPointerImpl] Check Pointing triggered by scheduler for time threshold [34]:  Starting check pointing...
2016-03-29 00:25:16.944+0000 INFO  [o.n.k.i.t.l.c.CheckPointerImpl] Check Pointing triggered by scheduler for time threshold [34]:  Starting store flush...
2016-03-29 00:25:16.944+0000 INFO  [o.n.k.i.s.c.CountsTracker] About to rotate counts store at transaction 34 to [/Users/jianwei/Desktop/learnRails/boomerang/db/neo4j/development/data/graph.db/neostore.counts.db.b], from [/Users/jianwei/Desktop/learnRails/boomerang/db/neo4j/development/data/graph.db/neostore.counts.db.a].
2016-03-29 00:25:16.945+0000 INFO  [o.n.k.i.s.c.CountsTracker] Successfully rotated counts store at transaction 34 to [/Users/jianwei/Desktop/learnRails/boomerang/db/neo4j/development/data/graph.db/neostore.counts.db.b], from [/Users/jianwei/Desktop/learnRails/boomerang/db/neo4j/development/data/graph.db/neostore.counts.db.a].
2016-03-29 00:25:16.952+0000 INFO  [o.n.k.i.t.l.c.CheckPointerImpl] Check Pointing triggered by scheduler for time threshold [34]:  Store flush completed
2016-03-29 00:25:16.952+0000 INFO  [o.n.k.i.t.l.c.CheckPointerImpl] Check Pointing triggered by scheduler for time threshold [34]:  Starting appending check point entry into the tx log...
2016-03-29 00:25:16.952+0000 INFO  [o.n.k.i.t.l.c.CheckPointerImpl] Check Pointing triggered by scheduler for time threshold [34]:  Appending check point entry into the tx log completed
2016-03-29 00:25:16.952+0000 INFO  [o.n.k.i.t.l.c.CheckPointerImpl] Check Pointing triggered by scheduler for time threshold [34]:  Check pointing completed
2016-03-29 00:25:16.953+0000 INFO  [o.n.k.i.t.l.p.LogPruningImpl] Log Rotation [0]:  Starting log pruning.
2016-03-29 00:25:16.953+0000 INFO  [o.n.k.i.t.l.p.LogPruningImpl] Log Rotation [0]:  Log pruning complete.
2016-03-29 00:30:17.033+0000 INFO  [o.n.k.i.t.l.c.CheckPointerImpl] Check Pointing triggered by scheduler for time threshold [37]:  Starting check pointing...
2016-03-29 00:30:17.033+0000 INFO  [o.n.k.i.t.l.c.CheckPointerImpl] Check Pointing triggered by scheduler for time threshold [37]:  Starting store flush...
2016-03-29 00:30:17.033+0000 INFO  [o.n.k.i.s.c.CountsTracker] About to rotate counts store at transaction 37 to [/Users/jianwei/Desktop/learnRails/boomerang/db/neo4j/development/data/graph.db/neostore.counts.db.a], from [/Users/jianwei/Desktop/learnRails/boomerang/db/neo4j/development/data/graph.db/neostore.counts.db.b].
2016-03-29 00:30:17.034+0000 INFO  [o.n.k.i.s.c.CountsTracker] Successfully rotated counts store at transaction 37 to [/Users/jianwei/Desktop/learnRails/boomerang/db/neo4j/development/data/graph.db/neostore.counts.db.a], from [/Users/jianwei/Desktop/learnRails/boomerang/db/neo4j/development/data/graph.db/neostore.counts.db.b].
2016-03-29 00:30:17.040+0000 INFO  [o.n.k.i.t.l.c.CheckPointerImpl] Check Pointing triggered by scheduler for time threshold [37]:  Store flush completed
2016-03-29 00:30:17.040+0000 INFO  [o.n.k.i.t.l.c.CheckPointerImpl] Check Pointing triggered by scheduler for time threshold [37]:  Starting appending check point entry into the tx log...
2016-03-29 00:30:17.040+0000 INFO  [o.n.k.i.t.l.c.CheckPointerImpl] Check Pointing triggered by scheduler for time threshold [37]:  Appending check point entry into the tx log completed
2016-03-29 00:30:17.040+0000 INFO  [o.n.k.i.t.l.c.CheckPointerImpl] Check Pointing triggered by scheduler for time threshold [37]:  Check pointing completed
2016-03-29 00:30:17.041+0000 INFO  [o.n.k.i.t.l.p.LogPruningImpl] Log Rotation [0]:  Starting log pruning.
2016-03-29 00:30:17.041+0000 INFO  [o.n.k.i.t.l.p.LogPruningImpl] Log Rotation [0]:  Log pruning complete.
