2016-03-30 15:15:15.063-0700 INFO  Successfully started database
2016-03-30 15:15:15.078-0700 INFO  Starting HTTP on port 7474 (8 threads available)
2016-03-30 15:15:15.206-0700 INFO  Enabling HTTPS on port 7473
2016-03-30 15:15:15.255-0700 INFO  Mounting static content at /webadmin
2016-03-30 15:15:15.287-0700 INFO  Mounting static content at /browser
2016-03-30 15:15:16.323-0700 INFO  Remote interface ready and available at http://localhost:7474/
2016-03-30 17:06:30.272-0700 INFO  Neo4j Server shutdown initiated by request
2016-03-30 17:06:30.281-0700 INFO  Successfully shutdown Neo4j Server
2016-03-30 17:06:30.297-0700 INFO  Successfully stopped database
2016-03-30 17:06:30.297-0700 INFO  Successfully shutdown database
2016-03-30 17:06:34.348-0700 INFO  Successfully started database
2016-03-30 17:06:34.365-0700 INFO  Starting HTTP on port 7474 (8 threads available)
2016-03-30 17:06:34.489-0700 INFO  Enabling HTTPS on port 7473
2016-03-30 17:06:34.559-0700 INFO  Mounting static content at /webadmin
2016-03-30 17:06:34.592-0700 INFO  Mounting static content at /browser
2016-03-30 17:06:35.665-0700 INFO  Remote interface ready and available at http://localhost:7474/
2016-03-31 10:47:08.737-0700 INFO  Successfully started database
2016-03-31 10:47:08.768-0700 INFO  Starting HTTP on port 7474 (8 threads available)
2016-03-31 10:47:08.985-0700 INFO  Enabling HTTPS on port 7473
2016-03-31 10:47:09.064-0700 INFO  Mounting static content at /webadmin
2016-03-31 10:47:09.113-0700 INFO  Mounting static content at /browser
2016-03-31 10:47:10.257-0700 INFO  Remote interface ready and available at http://localhost:7474/
2016-04-04 14:48:38.769-0700 INFO  Transaction with id 400 has been automatically rolled back.
2016-04-04 15:23:08.768-0700 INFO  Transaction with id 408 has been automatically rolled back.
2016-04-05 15:02:10.153-0700 INFO  Neo4j Server shutdown initiated by request
2016-04-05 15:02:10.174-0700 INFO  Successfully shutdown Neo4j Server
2016-04-05 15:02:10.198-0700 INFO  Successfully stopped database
2016-04-05 15:02:10.199-0700 INFO  Successfully shutdown database
2016-04-05 15:15:36.525-0700 INFO  Successfully started database
2016-04-05 15:15:36.554-0700 INFO  Starting HTTP on port 7474 (8 threads available)
2016-04-05 15:15:36.742-0700 INFO  Enabling HTTPS on port 7473
2016-04-05 15:15:36.822-0700 INFO  Mounting static content at /webadmin
2016-04-05 15:15:36.868-0700 INFO  Mounting static content at /browser
2016-04-05 15:15:38.043-0700 INFO  Remote interface ready and available at http://localhost:7474/
